<?xml version="1.0" encoding="utf-8"?><testsuites name="pytest tests"><testsuite name="pytest" errors="0" failures="0" skipped="0" tests="9" time="0.865" timestamp="2025-12-13T22:58:37.434623+05:30" hostname="LAPTOP-HFEDKDP7"><testcase classname="tests.test_auth" name="test_user_registration" time="0.145" /><testcase classname="tests.test_auth" name="test_user_login" time="0.118" /><testcase classname="tests.test_inventory" name="test_purchase_sweet_decreases_quantity" time="0.093" /><testcase classname="tests.test_inventory" name="test_restock_sweet_increases_quantity" time="0.079" /><testcase classname="tests.test_sweets" name="test_get_all_sweets_empty" time="0.061" /><testcase classname="tests.test_sweets" name="test_add_sweet" time="0.065" /><testcase classname="tests.test_sweets" name="test_search_sweets_by_name" time="0.077" /><testcase classname="tests.test_sweets" name="test_update_sweet" time="0.080" /><testcase classname="tests.test_sweets" name="test_delete_sweet" time="0.076" /></testsuite></testsuites>